\BOOKMARK [0][]{chapter.1}{\376\377\0001\000\040\000M\000e\000t\000r\000o\000l\000o\000g\000\355\000a\000\040\000y\000\040\000C\000a\000r\000a\000c\000t\000e\000r\000i\000z\000a\000c\000i\000\363\000n\000\040\000d\000e\000\040\000S\000i\000s\000t\000e\000m\000a\000s\000\040\000d\000e\000\040\000M\000e\000d\000i\000d\000a}{}% 1
\BOOKMARK [1][]{section.1.1}{\376\377\0001\000.\0001\000\040\000E\000l\000\040\000S\000i\000s\000t\000e\000m\000a\000\040\000d\000e\000\040\000M\000e\000d\000i\000d\000a\000\040\000d\000e\000\040\000I\000n\000g\000e\000n\000i\000e\000r\000\355\000a}{chapter.1}% 2
\BOOKMARK [1][]{section.1.2}{\376\377\0001\000.\0002\000\040\000T\000e\000r\000m\000i\000n\000o\000l\000o\000g\000\355\000a\000\040\000s\000e\000g\000\372\000n\000\040\000e\000l\000\040\000V\000I\000M\000\040\000\050\000V\000o\000c\000a\000b\000u\000l\000a\000r\000i\000o\000\040\000I\000n\000t\000e\000r\000n\000a\000c\000i\000o\000n\000a\000l\000\040\000d\000e\000\040\000M\000e\000t\000r\000o\000l\000o\000g\000\355\000a\000\051}{chapter.1}% 3
\BOOKMARK [1][]{section.1.3}{\376\377\0001\000.\0003\000\040\000M\000o\000d\000e\000l\000o\000\040\000d\000e\000\040\000E\000r\000r\000o\000r\000\040\000T\000o\000t\000a\000l}{chapter.1}% 4
\BOOKMARK [1][]{section.1.4}{\376\377\0001\000.\0004\000\040\000E\000v\000a\000l\000u\000a\000c\000i\000\363\000n\000\040\000d\000e\000\040\000l\000a\000\040\000I\000n\000c\000e\000r\000t\000i\000d\000u\000m\000b\000r\000e\000\040\000\050\000G\000u\000\355\000a\000\040\000G\000U\000M\000\051}{chapter.1}% 5
\BOOKMARK [0][]{chapter.2}{\376\377\0002\000\040\000C\000a\000r\000a\000c\000t\000e\000r\000\355\000s\000t\000i\000c\000a\000s\000\040\000d\000e\000\040\000l\000o\000s\000\040\000S\000i\000s\000t\000e\000m\000a\000s\000\040\000d\000e\000\040\000M\000e\000d\000i\000d\000a}{}% 6
\BOOKMARK [1][]{section.2.1}{\376\377\0002\000.\0001\000\040\000C\000a\000r\000a\000c\000t\000e\000r\000\355\000s\000t\000i\000c\000a\000s\000\040\000E\000s\000t\000\341\000t\000i\000c\000a\000s}{chapter.2}% 7
\BOOKMARK [1][]{section.2.2}{\376\377\0002\000.\0002\000\040\000C\000a\000r\000a\000c\000t\000e\000r\000\355\000s\000t\000i\000c\000a\000s\000\040\000D\000i\000n\000\341\000m\000i\000c\000a\000s}{chapter.2}% 8
\BOOKMARK [1][]{section.2.3}{\376\377\0002\000.\0003\000\040\000L\000\355\000m\000i\000t\000e\000s\000\040\000d\000e\000\040\000l\000a\000\040\000M\000e\000d\000i\000d\000a\000:\000\040\000R\000u\000i\000d\000o\000\040\000y\000\040\000R\000a\000n\000g\000o\000\040\000D\000i\000n\000\341\000m\000i\000c\000o}{chapter.2}% 9
\BOOKMARK [0][]{chapter.3}{\376\377\0003\000\040\000S\000e\000n\000s\000o\000r\000e\000s\000\040\000R\000e\000s\000i\000s\000t\000i\000v\000o\000s}{}% 10
\BOOKMARK [1][]{section.3.1}{\376\377\0003\000.\0001\000\040\000P\000r\000i\000n\000c\000i\000p\000i\000o\000s\000\040\000F\000\355\000s\000i\000c\000o\000s\000\040\000d\000e\000\040\000l\000a\000\040\000C\000o\000n\000v\000e\000r\000s\000i\000\363\000n\000\040\000R\000e\000s\000i\000s\000t\000i\000v\000a}{chapter.3}% 11
\BOOKMARK [1][]{section.3.2}{\376\377\0003\000.\0002\000\040\000P\000o\000t\000e\000n\000c\000i\000\363\000m\000e\000t\000r\000o\000s\000\040\000d\000e\000\040\000M\000e\000d\000i\000d\000a}{chapter.3}% 12
\BOOKMARK [1][]{section.3.3}{\376\377\0003\000.\0003\000\040\000G\000a\000l\000g\000a\000s\000\040\000E\000x\000t\000e\000n\000s\000i\000o\000m\000\351\000t\000r\000i\000c\000a\000s\000\040\000\050\000S\000t\000r\000a\000i\000n\000\040\000G\000a\000u\000g\000e\000s\000\051}{chapter.3}% 13
\BOOKMARK [1][]{section.3.4}{\376\377\0003\000.\0004\000\040\000S\000e\000n\000s\000o\000r\000e\000s\000\040\000d\000e\000\040\000T\000e\000m\000p\000e\000r\000a\000t\000u\000r\000a\000\040\000R\000e\000s\000i\000s\000t\000i\000v\000o\000s\000\040\000\050\000R\000T\000D\000\051}{chapter.3}% 14
\BOOKMARK [1][]{section.3.5}{\376\377\0003\000.\0005\000\040\000T\000e\000r\000m\000i\000s\000t\000o\000r\000e\000s\000\040\000\050\000N\000T\000C\000\040\000y\000\040\000P\000T\000C\000\051}{chapter.3}% 15
\BOOKMARK [1][]{section.3.6}{\376\377\0003\000.\0006\000\040\000S\000e\000n\000s\000o\000r\000e\000s\000\040\000d\000e\000\040\000L\000u\000z\000\040\000y\000\040\000C\000a\000m\000p\000o\000s\000\040\000M\000a\000g\000n\000\351\000t\000i\000c\000o\000s}{chapter.3}% 16
\BOOKMARK [1][]{section.3.7}{\376\377\0003\000.\0007\000\040\000M\000e\000d\000i\000d\000a\000\040\000D\000i\000f\000e\000r\000e\000n\000c\000i\000a\000l\000\040\000y\000\040\000C\000o\000n\000c\000e\000p\000t\000o\000s\000\040\000d\000e\000\040\000M\000o\000d\000o}{chapter.3}% 17
\BOOKMARK [1][]{section.3.8}{\376\377\0003\000.\0008\000\040\000C\000i\000r\000c\000u\000i\000t\000o\000s\000\040\000d\000e\000\040\000M\000e\000d\000i\000d\000a\000:\000\040\000E\000l\000\040\000P\000u\000e\000n\000t\000e\000\040\000d\000e\000\040\000W\000h\000e\000a\000t\000s\000t\000o\000n\000e}{chapter.3}% 18
\BOOKMARK [1][]{section.3.9}{\376\377\0003\000.\0009\000\040\000R\000e\000s\000u\000m\000e\000n\000\040\000d\000e\000\040\000E\000r\000r\000o\000r\000e\000s\000\040\000e\000n\000\040\000S\000e\000n\000s\000o\000r\000e\000s\000\040\000R\000e\000s\000i\000s\000t\000i\000v\000o\000s}{chapter.3}% 19
\BOOKMARK [1][]{section.3.10}{\376\377\0003\000.\0001\0000\000\040\000R\000e\000s\000u\000m\000e\000n}{chapter.3}% 20
\BOOKMARK [0][]{chapter.4}{\376\377\0004\000\040\000S\000e\000n\000s\000o\000r\000e\000s\000\040\000R\000e\000a\000c\000t\000i\000v\000o\000s\000:\000\040\000C\000a\000p\000a\000c\000i\000t\000i\000v\000o\000s\000\040\000e\000\040\000I\000n\000d\000u\000c\000t\000i\000v\000o\000s}{}% 21
\BOOKMARK [1][]{section.4.1}{\376\377\0004\000.\0001\000\040\000F\000u\000n\000d\000a\000m\000e\000n\000t\000o\000s\000\040\000d\000e\000\040\000l\000o\000s\000\040\000S\000e\000n\000s\000o\000r\000e\000s\000\040\000R\000e\000a\000c\000t\000i\000v\000o\000s}{chapter.4}% 22
\BOOKMARK [1][]{section.4.2}{\376\377\0004\000.\0002\000\040\000S\000e\000n\000s\000o\000r\000e\000s\000\040\000C\000a\000p\000a\000c\000i\000t\000i\000v\000o\000s}{chapter.4}% 23
\BOOKMARK [1][]{section.4.3}{\376\377\0004\000.\0003\000\040\000S\000e\000n\000s\000o\000r\000e\000s\000\040\000I\000n\000d\000u\000c\000t\000i\000v\000o\000s\000\040\000y\000\040\000E\000l\000e\000c\000t\000r\000o\000m\000a\000g\000n\000\351\000t\000i\000c\000o\000s}{chapter.4}% 24
\BOOKMARK [1][]{section.4.4}{\376\377\0004\000.\0004\000\040\000A\000c\000o\000n\000d\000i\000c\000i\000o\000n\000a\000m\000i\000e\000n\000t\000o\000\040\000d\000e\000\040\000S\000e\000n\000s\000o\000r\000e\000s\000\040\000R\000e\000a\000c\000t\000i\000v\000o\000s}{chapter.4}% 25
\BOOKMARK [1][]{section.4.5}{\376\377\0004\000.\0005\000\040\000R\000e\000s\000u\000m\000e\000n\000\040\000y\000\040\000C\000o\000m\000p\000a\000r\000a\000t\000i\000v\000a\000\040\000d\000e\000\040\000S\000e\000n\000s\000o\000r\000e\000s\000\040\000R\000e\000a\000c\000t\000i\000v\000o\000s}{chapter.4}% 26
\BOOKMARK [1][]{section.4.6}{\376\377\0004\000.\0006\000\040\000R\000e\000s\000u\000m\000e\000n}{chapter.4}% 27
\BOOKMARK [0][]{chapter.5}{\376\377\0005\000\040\000A\000c\000o\000n\000d\000i\000c\000i\000o\000n\000a\000m\000i\000e\000n\000t\000o\000\040\000d\000e\000\040\000S\000e\000\361\000a\000l\000:\000\040\000A\000m\000p\000l\000i\000f\000i\000c\000a\000d\000o\000r\000e\000s\000\040\000O\000p\000e\000r\000a\000c\000i\000o\000n\000a\000l\000e\000s}{}% 28
\BOOKMARK [1][]{section.5.1}{\376\377\0005\000.\0001\000\040\000E\000l\000\040\000A\000m\000p\000l\000i\000f\000i\000c\000a\000d\000o\000r\000\040\000d\000e\000\040\000I\000n\000s\000t\000r\000u\000m\000e\000n\000t\000a\000c\000i\000\363\000n\000\040\000\050\000I\000n\000-\000A\000m\000p\000\051}{chapter.5}% 29
\BOOKMARK [1][]{section.5.2}{\376\377\0005\000.\0002\000\040\000A\000m\000p\000l\000i\000f\000i\000c\000a\000d\000o\000r\000e\000s\000\040\000d\000e\000\040\000C\000a\000r\000g\000a}{chapter.5}% 30
\BOOKMARK [1][]{section.5.3}{\376\377\0005\000.\0003\000\040\000F\000i\000l\000t\000r\000o\000s\000\040\000A\000c\000t\000i\000v\000o\000s\000\040\000e\000n\000\040\000I\000n\000s\000t\000r\000u\000m\000e\000n\000t\000a\000c\000i\000\363\000n}{chapter.5}% 31
\BOOKMARK [1][]{section.5.4}{\376\377\0005\000.\0004\000\040\000E\000r\000r\000o\000r\000e\000s\000\040\000y\000\040\000L\000i\000m\000i\000t\000a\000c\000i\000o\000n\000e\000s\000\040\000R\000e\000a\000l\000e\000s\000\040\000d\000e\000\040\000l\000o\000s\000\040\000A\000m\000p\000l\000i\000f\000i\000c\000a\000d\000o\000r\000e\000s\000\040\000O\000p\000e\000r\000a\000c\000i\000o\000n\000a\000l\000e\000s}{chapter.5}% 32
\BOOKMARK [1][]{section.5.5}{\376\377\0005\000.\0005\000\040\000R\000e\000s\000u\000m\000e\000n}{chapter.5}% 33
\BOOKMARK [0][]{chapter.6}{\376\377\0006\000\040\000S\000e\000n\000s\000o\000r\000e\000s\000\040\000G\000e\000n\000e\000r\000a\000d\000o\000r\000e\000s}{}% 34
\BOOKMARK [1][]{section.6.1}{\376\377\0006\000.\0001\000\040\000S\000e\000n\000s\000o\000r\000e\000s\000\040\000T\000e\000r\000m\000o\000e\000l\000\351\000c\000t\000r\000i\000c\000o\000s\000:\000\040\000T\000e\000r\000m\000o\000p\000a\000r\000e\000s}{chapter.6}% 35
\BOOKMARK [1][]{section.6.2}{\376\377\0006\000.\0002\000\040\000S\000e\000n\000s\000o\000r\000e\000s\000\040\000P\000i\000e\000z\000o\000e\000l\000\351\000c\000t\000r\000i\000c\000o\000s}{chapter.6}% 36
\BOOKMARK [1][]{section.6.3}{\376\377\0006\000.\0003\000\040\000O\000t\000r\000o\000s\000\040\000S\000e\000n\000s\000o\000r\000e\000s\000\040\000G\000e\000n\000e\000r\000a\000d\000o\000r\000e\000s}{chapter.6}% 37
\BOOKMARK [1][]{section.6.4}{\376\377\0006\000.\0004\000\040\000R\000e\000s\000u\000m\000e\000n}{chapter.6}% 38
\BOOKMARK [0][]{chapter.7}{\376\377\0007\000\040\000S\000e\000n\000s\000o\000r\000e\000s\000\040\000\323\000p\000t\000i\000c\000o\000s}{}% 39
\BOOKMARK [1][]{section.7.1}{\376\377\0007\000.\0001\000\040\000F\000u\000n\000d\000a\000m\000e\000n\000t\000o\000s\000\040\000d\000e\000\040\000l\000a\000\040\000D\000e\000t\000e\000c\000c\000i\000\363\000n\000\040\000\323\000p\000t\000i\000c\000a}{chapter.7}% 40
\BOOKMARK [1][]{section.7.2}{\376\377\0007\000.\0002\000\040\000F\000o\000t\000o\000d\000i\000o\000d\000o\000s}{chapter.7}% 41
\BOOKMARK [1][]{section.7.3}{\376\377\0007\000.\0003\000\040\000F\000o\000t\000o\000t\000r\000a\000n\000s\000i\000s\000t\000o\000r\000e\000s}{chapter.7}% 42
\BOOKMARK [1][]{section.7.4}{\376\377\0007\000.\0004\000\040\000S\000e\000n\000s\000o\000r\000e\000s\000\040\000d\000e\000\040\000I\000m\000a\000g\000e\000n\000:\000\040\000C\000C\000D\000\040\000y\000\040\000C\000M\000O\000S}{chapter.7}% 43
\BOOKMARK [1][]{section.7.5}{\376\377\0007\000.\0005\000\040\000R\000e\000s\000u\000m\000e\000n\000\040\000d\000e\000\040\000E\000r\000r\000o\000r\000e\000s\000\040\000e\000n\000\040\000S\000e\000n\000s\000o\000r\000e\000s\000\040\000\323\000p\000t\000i\000c\000o\000s}{chapter.7}% 44
\BOOKMARK [1][]{section.7.6}{\376\377\0007\000.\0006\000\040\000R\000e\000s\000u\000m\000e\000n}{chapter.7}% 45
\BOOKMARK [0][]{chapter.8}{\376\377\0008\000\040\000A\000d\000q\000u\000i\000s\000i\000c\000i\000\363\000n\000\040\000d\000e\000\040\000D\000a\000t\000o\000s\000\040\000\050\000D\000A\000Q\000\051}{}% 46
\BOOKMARK [1][]{section.8.1}{\376\377\0008\000.\0001\000\040\000M\000u\000e\000s\000t\000r\000e\000o\000\040\000y\000\040\000R\000e\000t\000e\000n\000c\000i\000\363\000n\000\040\000\050\000S\000a\000m\000p\000l\000e\000\040\000a\000n\000d\000\040\000H\000o\000l\000d\000\051}{chapter.8}% 47
\BOOKMARK [1][]{section.8.2}{\376\377\0008\000.\0002\000\040\000C\000u\000a\000n\000t\000i\000f\000i\000c\000a\000c\000i\000\363\000n\000:\000\040\000E\000l\000\040\000L\000\355\000m\000i\000t\000e\000\040\000e\000n\000\040\000A\000m\000p\000l\000i\000t\000u\000d}{chapter.8}% 48
\BOOKMARK [1][]{section.8.3}{\376\377\0008\000.\0003\000\040\000A\000r\000q\000u\000i\000t\000e\000c\000t\000u\000r\000a\000s\000\040\000d\000e\000\040\000C\000o\000n\000v\000e\000r\000t\000i\000d\000o\000r\000e\000s\000\040\000A\000/\000D}{chapter.8}% 49
\BOOKMARK [1][]{section.8.4}{\376\377\0008\000.\0004\000\040\000P\000a\000r\000\341\000m\000e\000t\000r\000o\000s\000\040\000R\000e\000a\000l\000e\000s\000\040\000y\000\040\000E\000N\000O\000B}{chapter.8}% 50
\BOOKMARK [1][]{section.8.5}{\376\377\0008\000.\0005\000\040\000C\000o\000n\000v\000e\000r\000s\000i\000\363\000n\000\040\000D\000/\000A\000:\000\040\000E\000l\000\040\000C\000a\000m\000i\000n\000o\000\040\000d\000e\000\040\000V\000u\000e\000l\000t\000a}{chapter.8}% 51
\BOOKMARK [1][]{section.8.6}{\376\377\0008\000.\0006\000\040\000R\000e\000s\000u\000m\000e\000n}{chapter.8}% 52
\BOOKMARK [0][]{chapter.9}{\376\377\0009\000\040\000R\000u\000i\000d\000o\000\040\000e\000\040\000I\000n\000t\000e\000r\000f\000e\000r\000e\000n\000c\000i\000a\000s}{}% 53
\BOOKMARK [1][]{section.9.1}{\376\377\0009\000.\0001\000\040\000F\000u\000e\000n\000t\000e\000s\000\040\000y\000\040\000C\000l\000a\000s\000i\000f\000i\000c\000a\000c\000i\000\363\000n\000\040\000d\000e\000l\000\040\000R\000u\000i\000d\000o}{chapter.9}% 54
\BOOKMARK [1][]{section.9.2}{\376\377\0009\000.\0002\000\040\000M\000e\000c\000a\000n\000i\000s\000m\000o\000s\000\040\000d\000e\000\040\000A\000c\000o\000p\000l\000a\000m\000i\000e\000n\000t\000o\000\040\000d\000e\000\040\000I\000n\000t\000e\000r\000f\000e\000r\000e\000n\000c\000i\000a\000s}{chapter.9}% 55
\BOOKMARK [1][]{section.9.3}{\376\377\0009\000.\0003\000\040\000T\000\351\000c\000n\000i\000c\000a\000s\000\040\000d\000e\000\040\000A\000p\000a\000n\000t\000a\000l\000l\000a\000m\000i\000e\000n\000t\000o\000\040\000\050\000B\000l\000i\000n\000d\000a\000j\000e\000\051}{chapter.9}% 56
\BOOKMARK [1][]{section.9.4}{\376\377\0009\000.\0004\000\040\000E\000s\000t\000r\000a\000t\000e\000g\000i\000a\000s\000\040\000d\000e\000\040\000C\000o\000n\000e\000x\000i\000\363\000n\000\040\000a\000\040\000T\000i\000e\000r\000r\000a}{chapter.9}% 57
\BOOKMARK [1][]{section.9.5}{\376\377\0009\000.\0005\000\040\000F\000i\000l\000t\000r\000a\000d\000o\000\040\000E\000M\000I}{chapter.9}% 58
\BOOKMARK [1][]{section.9.6}{\376\377\0009\000.\0006\000\040\000P\000r\000o\000t\000e\000c\000c\000i\000\363\000n\000\040\000F\000r\000e\000n\000t\000e\000\040\000a\000\040\000D\000e\000s\000c\000a\000r\000g\000a\000s\000\040\000E\000l\000e\000c\000t\000r\000o\000s\000t\000\341\000t\000i\000c\000a\000s\000\040\000\050\000E\000S\000D\000\051}{chapter.9}% 59
\BOOKMARK [1][]{section.9.7}{\376\377\0009\000.\0007\000\040\000N\000o\000r\000m\000a\000t\000i\000v\000a\000\040\000y\000\040\000C\000e\000r\000t\000i\000f\000i\000c\000a\000c\000i\000\363\000n\000\040\000E\000M\000C}{chapter.9}% 60
\BOOKMARK [1][]{section.9.8}{\376\377\0009\000.\0008\000\040\000R\000e\000s\000u\000m\000e\000n}{chapter.9}% 61
\BOOKMARK [0][]{chapter.10}{\376\377\0001\0000\000\040\000S\000e\000n\000s\000o\000r\000e\000s\000\040\000I\000n\000d\000u\000s\000t\000r\000i\000a\000l\000e\000s\000,\000\040\000S\000e\000n\000s\000o\000r\000e\000s\000\040\000I\000n\000t\000e\000l\000i\000g\000e\000n\000t\000e\000s\000\040\000y\000\040\000B\000u\000s\000e\000s\000\040\000D\000i\000g\000i\000t\000a\000l\000e\000s}{}% 62
\BOOKMARK [1][]{section.10.1}{\376\377\0001\0000\000.\0001\000\040\000E\000l\000\040\000L\000a\000z\000o\000\040\000d\000e\000\040\000C\000o\000r\000r\000i\000e\000n\000t\000e\000\040\0004\000-\0002\0000\000\040\000m\000A}{chapter.10}% 63
\BOOKMARK [1][]{section.10.2}{\376\377\0001\0000\000.\0002\000\040\000E\000l\000\040\000P\000r\000o\000t\000o\000c\000o\000l\000o\000\040\000H\000A\000R\000T}{chapter.10}% 64
\BOOKMARK [1][]{section.10.3}{\376\377\0001\0000\000.\0003\000\040\000B\000u\000s\000e\000s\000\040\000d\000e\000\040\000C\000o\000m\000u\000n\000i\000c\000a\000c\000i\000\363\000n\000\040\000d\000e\000\040\000S\000e\000n\000s\000o\000r\000e\000s\000:\000\040\000I\0002\000C\000\040\000y\000\040\000S\000P\000I}{chapter.10}% 65
\BOOKMARK [1][]{section.10.4}{\376\377\0001\0000\000.\0004\000\040\000S\000e\000n\000s\000o\000r\000e\000s\000\040\000I\000n\000t\000e\000l\000i\000g\000e\000n\000t\000e\000s\000\040\000\050\000S\000m\000a\000r\000t\000\040\000S\000e\000n\000s\000o\000r\000s\000\051}{chapter.10}% 66
\BOOKMARK [1][]{section.10.5}{\376\377\0001\0000\000.\0005\000\040\000R\000e\000s\000u\000m\000e\000n}{chapter.10}% 67
\BOOKMARK [0][]{chapter.11}{\376\377\0001\0001\000\040\000I\000n\000s\000t\000r\000u\000m\000e\000n\000t\000a\000c\000i\000\363\000n\000\040\000V\000i\000r\000t\000u\000a\000l\000\040\000y\000\040\000P\000r\000o\000g\000r\000a\000m\000a\000b\000l\000e}{}% 68
\BOOKMARK [1][]{section.11.1}{\376\377\0001\0001\000.\0001\000\040\000E\000l\000\040\000C\000o\000n\000c\000e\000p\000t\000o\000\040\000d\000e\000\040\000I\000n\000s\000t\000r\000u\000m\000e\000n\000t\000a\000c\000i\000\363\000n\000\040\000V\000i\000r\000t\000u\000a\000l}{chapter.11}% 69
\BOOKMARK [1][]{section.11.2}{\376\377\0001\0001\000.\0002\000\040\000B\000u\000s\000e\000s\000\040\000d\000e\000\040\000C\000o\000n\000t\000r\000o\000l\000\040\000y\000\040\000e\000l\000\040\000E\000s\000t\000\341\000n\000d\000a\000r\000\040\000S\000C\000P\000I}{chapter.11}% 70
\BOOKMARK [1][]{section.11.3}{\376\377\0001\0001\000.\0003\000\040\000C\000o\000n\000t\000r\000o\000l\000\040\000d\000e\000\040\000I\000n\000s\000t\000r\000u\000m\000e\000n\000t\000o\000s\000\040\000c\000o\000n\000\040\000P\000y\000t\000h\000o\000n\000\040\000\050\000P\000y\000V\000I\000S\000A\000\051}{chapter.11}% 71
\BOOKMARK [1][]{section.11.4}{\376\377\0001\0001\000.\0004\000\040\000E\000n\000t\000o\000r\000n\000o\000s\000\040\000G\000r\000\341\000f\000i\000c\000o\000s\000\040\000d\000e\000\040\000P\000r\000o\000g\000r\000a\000m\000a\000c\000i\000\363\000n\000:\000\040\000L\000a\000b\000V\000I\000E\000W}{chapter.11}% 72
\BOOKMARK [1][]{section.11.5}{\376\377\0001\0001\000.\0005\000\040\000R\000e\000s\000u\000m\000e\000n}{chapter.11}% 73
\BOOKMARK [0][]{chapter.12}{\376\377\0001\0002\000\040\000I\000n\000t\000e\000g\000r\000a\000c\000i\000\363\000n\000\040\000y\000\040\000D\000i\000s\000e\000\361\000o\000\040\000d\000e\000\040\000S\000i\000s\000t\000e\000m\000a\000s\000\040\000d\000e\000\040\000I\000n\000s\000t\000r\000u\000m\000e\000n\000t\000a\000c\000i\000\363\000n}{}% 74
\BOOKMARK [1][]{section.12.1}{\376\377\0001\0002\000.\0001\000\040\000M\000e\000t\000o\000d\000o\000l\000o\000g\000\355\000a\000\040\000d\000e\000\040\000D\000i\000s\000e\000\361\000o\000\040\000d\000e\000\040\000u\000n\000\040\000S\000i\000s\000t\000e\000m\000a\000\040\000d\000e\000\040\000I\000n\000s\000t\000r\000u\000m\000e\000n\000t\000a\000c\000i\000\363\000n}{chapter.12}% 75
\BOOKMARK [1][]{section.12.2}{\376\377\0001\0002\000.\0002\000\040\000E\000l\000\040\000P\000r\000e\000s\000u\000p\000u\000e\000s\000t\000o\000\040\000d\000e\000\040\000E\000r\000r\000o\000r\000e\000s\000\040\000d\000e\000\040\000E\000x\000t\000r\000e\000m\000o\000\040\000a\000\040\000E\000x\000t\000r\000e\000m\000o}{chapter.12}% 76
\BOOKMARK [1][]{section.12.3}{\376\377\0001\0002\000.\0003\000\040\000C\000a\000s\000o\000\040\000d\000e\000\040\000E\000s\000t\000u\000d\000i\000o\000\040\0001\000:\000\040\000M\000e\000d\000i\000d\000a\000\040\000d\000e\000\040\000P\000o\000t\000e\000n\000c\000i\000a\000\040\000\323\000p\000t\000i\000c\000a\000\040\000e\000n\000\040\000u\000n\000\040\000E\000n\000l\000a\000c\000e\000\040\000d\000e\000\040\000F\000i\000b\000r\000a}{chapter.12}% 77
\BOOKMARK [1][]{section.12.4}{\376\377\0001\0002\000.\0004\000\040\000C\000a\000s\000o\000\040\000d\000e\000\040\000E\000s\000t\000u\000d\000i\000o\000\040\0002\000:\000\040\000M\000o\000n\000i\000t\000o\000r\000i\000z\000a\000c\000i\000\363\000n\000\040\000d\000e\000\040\000T\000e\000m\000p\000e\000r\000a\000t\000u\000r\000a\000\040\000c\000o\000n\000\040\000S\000a\000l\000i\000d\000a\000\040\0004\000-\0002\0000\000\040\000m\000A}{chapter.12}% 78
\BOOKMARK [1][]{section.12.5}{\376\377\0001\0002\000.\0005\000\040\000R\000e\000s\000u\000m\000e\000n}{chapter.12}% 79
\BOOKMARK [0][]{appendix*.175}{\376\377\000B\000i\000b\000l\000i\000o\000g\000r\000a\000f\000\355\000a}{}% 80
